0. BST
1. AVL
Choose type of tree : Enter per comparison cost (non-negative integer): Enter per parent-child update cost (non-negative integer): >>SUCCESSFULLY ADDED
>>0x563a0cc430e0SUCCESSFULLY ADDED
>>0x563a0cc430e0SUCCESSFULLY ADDED
>>0x563a0cc431400x563a0cc430e0SUCCESSFULLY ADDED
>>0x563a0cc431a00x563a0cc430e0SUCCESSFULLY ADDED
>>0x563a0cc432600x563a0cc431a00x563a0cc430e0SUCCESSFULLY ADDED
>>0x563a0cc43140SUCCESSFULLY ADDED
>>0x563a0cc432000x563a0cc431400x563a0cc430e0SUCCESSFULLY ADDED
>>0x563a0cc433800x563a0cc432000x563a0cc431400x563a0cc430e0SUCCESSFULLY ADDED
>>0x563a0cc433e00x563a0cc433800x563a0cc431400x563a0cc430e0SUCCESSFULLY ADDED
>>FOUND
>>FOUND
>>FOUND
>>FOUND
>>FOUND
>>FOUND
>>FOUND
>>FOUND
>>FOUND
>>FOUND
>>