0 0
4 2
10 4
18 6
27 8
38 10
48 12
60 14
74 16
85 18
99 20
106 22
116 24
119 26
131 28
146 30
159 32
173 34
189 36
205 38
223 40
242 42
247 44
265 46
272 48
281 50
290 52
308 54
325 56
336 58
357 60
372 62
384 64
397 66
410 68
427 70
449 72
465 74
480 76
495 78
515 80
529 82
544 84
564 86
587 88
593 90
609 92
629 94
648 96
665 98
689 100
714 102
738 104
756 106
775 108
789 110
801 112
823 114
847 116
867 118
892 120
915 122
934 124
957 126
984 128
1009 130
1036 132
1056 134
1072 136
1099 138
1129 140
1151 142
1173 144
1201 146
1222 148
1245 150
1272 152
1293 154
1310 156
1335 158
1359 160
1381 162
1407 164
1435 166
1451 168
1472 170
1497 172
1515 174
1542 176
1571 178
1587 180
1610 182
1628 184
1648 186
1667 188
1681 190
1710 192
1740 194
1748 196
1756 198
1769 198
1787 198
1796 198
1800 198
1811 198
1828 198
1840 198
1852 198
1863 198
1874 198
1884 198
1888 198
1905 198
1908 198
1921 198
1931 198
1944 198
1954 198
1963 198
1971 198
1984 198
1997 198
2016 198
2029 198
2031 198
2048 198
2056 198
2067 198
2086 198
2103 198
2117 198
2125 198
2131 198
2139 198
2152 198
2160 198
2178 198
2190 198
2198 198
2210 198
2226 198
2241 198
2244 198
2252 198
2262 198
2264 198
2282 198
2290 198
2305 198
2311 198
2323 198
2336 198
2347 198
2355 198
2367 198
2383 198
2396 198
2410 198
2426 198
2434 198
2446 198
2450 198
2467 198
2483 198
2498 198
2515 198
2531 198
2544 198
2560 198
2571 198
2579 198
2592 198
2597 198
2612 198
2618 198
2625 198
2630 198
2633 198
2638 198
2648 198
2664 198
2670 198
2678 198
2685 198
2704 198
2714 198
2723 198
2738 198
2748 198
2767 198
2780 198
2790 198
2807 198
2817 198
2826 198
2830 198
2844 198
2855 198
2872 198
2886 198
