0 0
3 2
8 6
14 8
21 10
31 18
39 26
49 28
57 30
69 38
76 40
88 50
99 52
109 60
119 68
129 70
140 72
152 74
164 76
174 78
188 90
201 100
216 108
228 116
242 128
255 130
270 140
283 142
299 150
314 158
327 166
342 168
357 178
375 186
389 188
406 196
418 198
435 200
446 202
460 204
474 206
490 216
507 224
522 236
535 238
553 246
570 254
583 256
599 264
616 266
633 276
646 278
665 286
683 288
699 290
712 298
729 306
743 308
758 310
779 318
795 320
810 328
829 336
848 338
863 340
880 342
898 344
918 354
935 356
952 358
969 360
987 368
1005 370
1024 380
1044 388
1063 390
1082 398
1094 400
1110 402
1122 404
1139 406
1157 408
1179 416
1194 418
1214 428
1231 430
1251 432
1263 434
1280 436
1301 446
1323 454
1340 462
1356 464
1374 472
1392 482
1412 490
1426 492
1439 494
1461 504
1477 506
1486 506
1498 506
1510 506
1522 506
1531 506
1541 506
1553 506
1559 506
1561 506
1574 506
1588 506
1597 506
1611 506
1622 506
1636 506
1640 506
1653 506
1662 506
1677 506
1690 506
1699 506
1707 506
1719 506
1730 506
1742 506
1753 506
1766 506
1775 506
1785 506
1792 506
1803 506
1811 506
1823 506
1836 506
1846 506
1853 506
1864 506
1877 506
1885 506
1892 506
1899 506
1909 506
1922 506
1932 506
1940 506
1951 506
1961 506
1971 506
1982 506
1992 506
1995 506
2002 506
2013 506
2023 506
2032 506
2045 506
2054 506
2064 506
2071 506
2084 506
2096 506
2103 506
2112 506
2118 506
2127 506
2140 506
2149 506
2159 506
2169 506
2175 506
2182 506
2191 506
2196 506
2206 506
2215 506
2225 506
2235 506
2245 506
2257 506
2267 506
2280 506
2292 506
2302 506
2312 506
2321 506
2334 506
2347 506
2358 506
2362 506
2373 506
2383 506
2391 506
2400 506
2411 506
2415 506
2425 506
2432 506
2444 506
2448 506
2453 506
