0 0
3 2
8 6
13 8
20 16
27 22
34 30
41 32
50 40
59 50
68 58
77 64
86 72
95 82
104 90
113 92
124 100
135 110
146 118
157 128
168 136
179 146
190 154
201 160
212 168
223 178
234 186
245 196
256 204
267 214
278 222
289 224
302 232
315 242
328 250
341 260
354 268
367 278
380 286
393 296
406 304
419 314
432 322
445 332
458 340
471 350
484 358
497 364
510 372
523 382
536 390
549 400
562 408
575 418
588 426
601 436
614 444
627 454
640 462
653 472
666 480
679 490
692 498
705 500
720 508
735 518
750 526
765 536
780 544
795 554
810 562
825 572
840 580
855 590
870 598
885 608
900 616
915 626
930 634
945 644
960 652
975 662
990 670
1005 680
1020 688
1035 698
1050 706
1065 716
1080 724
1095 734
1110 742
1125 752
1140 760
1155 770
1170 778
1185 784
1200 792
1215 802
1230 810
1245 820
1256 820
1264 820
1276 820
1287 820
1297 820
1306 820
1318 820
1331 820
1342 820
1351 820
1360 820
1365 820
1374 820
1385 820
1397 820
1407 820
1414 820
1425 820
1436 820
1448 820
1461 820
1468 820
1478 820
1490 820
1499 820
1511 820
1518 820
1528 820
1536 820
1548 820
1557 820
1569 820
1578 820
1586 820
1597 820
1606 820
1613 820
1624 820
1633 820
1642 820
1651 820
1660 820
1670 820
1680 820
1691 820
1701 820
1710 820
1718 820
1727 820
1735 820
1747 820
1759 820
1767 820
1775 820
1785 820
1794 820
1806 820
1815 820
1825 820
1835 820
1838 820
1850 820
1861 820
1868 820
1880 820
1889 820
1900 820
1908 820
1918 820
1923 820
1931 820
1940 820
1952 820
1962 820
1974 820
1984 820
1997 820
2006 820
2016 820
2028 820
2033 820
2039 820
2046 820
2056 820
2063 820
2070 820
2080 820
2088 820
2096 820
2107 820
2119 820
2131 820
2136 820
2146 820
2152 820
2163 820
2172 820
2184 820
2190 820
2200 820
