0 0
3 2
8 4
15 6
24 8
35 10
48 12
63 14
80 16
99 18
120 20
143 22
168 24
195 26
224 28
255 30
288 32
323 34
360 36
399 38
440 40
483 42
528 44
575 46
624 48
675 50
728 52
783 54
840 56
899 58
960 60
1023 62
1088 64
1155 66
1224 68
1295 70
1368 72
1443 74
1520 76
1599 78
1680 80
1763 82
1848 84
1935 86
2024 88
2115 90
2208 92
2303 94
2400 96
2499 98
2600 100
2703 102
2808 104
2915 106
3024 108
3135 110
3248 112
3363 114
3480 116
3599 118
3720 120
3843 122
3968 124
4095 126
4224 128
4355 130
4488 132
4623 134
4760 136
4899 138
5040 140
5183 142
5328 144
5475 146
5624 148
5775 150
5928 152
6083 154
6240 156
6399 158
6560 160
6723 162
6888 164
7055 166
7224 168
7395 170
7568 172
7743 174
7920 176
8099 178
8280 180
8463 182
8648 184
8835 186
9024 188
9215 190
9408 192
9603 194
9800 196
9999 198
10002 198
10066 198
10167 198
10225 198
10308 198
10381 198
10464 198
10491 198
10583 198
10639 198
10658 198
10690 198
10698 198
10793 198
10801 198
10872 198
10889 198
10963 198
11038 198
11078 198
11117 198
11189 198
11201 198
11238 198
11282 198
11371 198
11457 198
11508 198
11553 198
11619 198
11695 198
11759 198
11809 198
11894 198
11990 198
12014 198
12098 198
12129 198
12156 198
12203 198
12259 198
12318 198
12377 198
12390 198
12457 198
12477 198
12553 198
12570 198
12589 198
12624 198
12680 198
12703 198
12709 198
12784 198
12832 198
12864 198
12881 198
12913 198
12943 198
12974 198
12976 198
13000 198
13013 198
13065 198
13124 198
13143 198
13231 198
13254 198
13330 198
13379 198
13416 198
13505 198
13548 198
13552 198
13650 198
13724 198
13729 198
13799 198
13814 198
13875 198
13896 198
13942 198
14024 198
14107 198
14182 198
14261 198
14315 198
14375 198
14434 198
14493 198
14589 198
14621 198
14664 198
14679 198
14688 198
14751 198
14819 198
14827 198
14902 198
14984 198
