0 0
4 2
11 4
21 6
34 8
50 10
69 12
91 14
116 16
144 18
175 20
209 22
246 24
286 26
329 28
375 30
424 32
476 34
531 36
589 38
650 40
714 42
781 44
851 46
924 48
1000 50
1079 52
1161 54
1246 56
1334 58
1425 60
1519 62
1616 64
1716 66
1819 68
1925 70
2034 72
2146 74
2261 76
2379 78
2500 80
2624 82
2751 84
2881 86
3014 88
3150 90
3289 92
3431 94
3576 96
3724 98
3875 100
4029 102
4186 104
4346 106
4509 108
4675 110
4844 112
5016 114
5191 116
5369 118
5550 120
5734 122
5921 124
6111 126
6304 128
6500 130
6699 132
6901 134
7106 136
7314 138
7525 140
7739 142
7956 144
8176 146
8399 148
8625 150
8854 152
9086 154
9321 156
9559 158
9800 160
10044 162
10291 164
10541 166
10794 168
11050 170
11309 172
11571 174
11836 176
12104 178
12375 180
12649 182
12926 184
13206 186
13489 188
13775 190
14064 192
14356 194
14651 196
14949 198
15111 198
15221 198
15385 198
15553 198
15705 198
15713 198
15885 198
15919 198
16041 198
16125 198
16243 198
16247 198
16427 198
16445 198
16469 198
16489 198
16505 198
16667 198
16727 198
16773 198
16817 198
16971 198
17081 198
17265 198
17441 198
17601 198
17681 198
17689 198
17775 198
17893 198
17939 198
18065 198
18107 198
18143 198
18265 198
18315 198
18435 198
18533 198
18635 198
18753 198
18811 198
19009 198
19125 198
19317 198
19449 198
19487 198
19509 198
19529 198
19653 198
19673 198
19681 198
19693 198
19827 198
19887 198
19947 198
19965 198
20085 198
20233 198
20349 198
20475 198
20531 198
20731 198
20849 198
21049 198
21113 198
21303 198
21347 198
21451 198
21583 198
21687 198
21839 198
22013 198
22047 198
22201 198
22305 198
22325 198
22475 198
22533 198
22627 198
22819 198
22937 198
23117 198
23267 198
23293 198
23417 198
23429 198
23523 198
23699 198
23757 198
23839 198
23995 198
24165 198
24245 198
24391 198
24579 198
24695 198
24795 198
24807 198
24881 198
24969 198
