0 0
4 2
11 6
18 8
28 16
38 22
48 30
58 32
71 40
84 50
97 58
110 64
123 72
136 82
149 90
162 92
178 100
194 110
210 118
226 128
242 136
258 146
274 154
290 160
306 168
322 178
338 186
354 196
370 204
386 214
402 222
418 224
437 232
456 242
475 250
494 260
513 268
532 278
551 286
570 296
589 304
608 314
627 322
646 332
665 340
684 350
703 358
722 364
741 372
760 382
779 390
798 400
817 408
836 418
855 426
874 436
893 444
912 454
931 462
950 472
969 480
988 490
1007 498
1026 500
1048 508
1070 518
1092 526
1114 536
1136 544
1158 554
1180 562
1202 572
1224 580
1246 590
1268 598
1290 608
1312 616
1334 626
1356 634
1378 644
1400 652
1422 662
1444 670
1466 680
1488 688
1510 698
1532 706
1554 716
1576 724
1598 734
1620 742
1642 752
1664 760
1686 770
1708 778
1730 784
1752 792
1774 802
1796 810
1818 820
1830 820
1839 820
1848 820
1856 820
1865 820
1875 820
1884 820
1891 820
1901 820
1910 820
1913 820
1924 820
1934 820
1941 820
1951 820
1961 820
1972 820
1983 820
1996 820
2000 820
2004 820
2013 820
2018 820
2025 820
2033 820
2043 820
2054 820
2062 820
2071 820
2082 820
2092 820
2101 820
2110 820
2124 820
2136 820
2141 820
2151 820
2158 820
2164 820
2172 820
2181 820
2189 820
2200 820
2210 820
2220 820
2229 820
2241 820
2253 820
2261 820
2272 820
2281 820
2292 820
2301 820
2307 820
2319 820
2327 820
2336 820
2345 820
2355 820
2365 820
2373 820
2379 820
2391 820
2399 820
2410 820
2421 820
2429 820
2439 820
2444 820
2450 820
2462 820
2473 820
2482 820
2491 820
2500 820
2502 820
2513 820
2524 820
2532 820
2540 820
2547 820
2557 820
2568 820
2574 820
2584 820
2592 820
2603 820
2610 820
2618 820
2629 820
2639 820
2650 820
2661 820
2670 820
2677 820
2688 820
2700 820
2707 820
2717 820
2726 820
